<?xml version="1.0" encoding="UTF-8"?>
<testng-results ignored="0" total="7" passed="7" failed="0" skipped="0">
  <reporter-output>
  </reporter-output>
  <suite started-at="2022-10-14T18:36:36 IST" name="Default suite" finished-at="2022-10-14T18:36:56 IST" duration-ms="19210">
    <groups>
    </groups>
    <test started-at="2022-10-14T18:36:36 IST" name="Default test" finished-at="2022-10-14T18:36:56 IST" duration-ms="19210">
      <class name="com.MyAppApplicationTestscode">
        <test-method is-config="true" signature="beforeMethod()[pri:0, instance:com.MyAppApplicationTestscode@97e93f1]" started-at="2022-10-14T18:36:36 IST" name="beforeMethod" finished-at="2022-10-14T18:36:38 IST" duration-ms="1825" status="PASS">
          <reporter-output>
          </reporter-output>
        </test-method> <!-- beforeMethod -->
        <test-method signature="testing()[pri:0, instance:com.MyAppApplicationTestscode@97e93f1]" started-at="2022-10-14T18:36:38 IST" name="testing" finished-at="2022-10-14T18:36:40 IST" duration-ms="1536" status="PASS">
          <reporter-output>
          </reporter-output>
        </test-method> <!-- testing -->
        <test-method is-config="true" signature="afterMethod()[pri:0, instance:com.MyAppApplicationTestscode@97e93f1]" started-at="2022-10-14T18:36:40 IST" name="afterMethod" finished-at="2022-10-14T18:36:40 IST" duration-ms="1" status="PASS">
          <reporter-output>
          </reporter-output>
        </test-method> <!-- afterMethod -->
        <test-method is-config="true" signature="beforeMethod()[pri:0, instance:com.MyAppApplicationTestscode@97e93f1]" started-at="2022-10-14T18:36:40 IST" name="beforeMethod" finished-at="2022-10-14T18:36:41 IST" duration-ms="998" status="PASS">
          <reporter-output>
          </reporter-output>
        </test-method> <!-- beforeMethod -->
        <test-method signature="signup()[pri:1, instance:com.MyAppApplicationTestscode@97e93f1]" started-at="2022-10-14T18:36:41 IST" name="signup" finished-at="2022-10-14T18:36:42 IST" duration-ms="1419" status="PASS">
          <reporter-output>
          </reporter-output>
        </test-method> <!-- signup -->
        <test-method is-config="true" signature="afterMethod()[pri:0, instance:com.MyAppApplicationTestscode@97e93f1]" started-at="2022-10-14T18:36:42 IST" name="afterMethod" finished-at="2022-10-14T18:36:42 IST" duration-ms="0" status="PASS">
          <reporter-output>
          </reporter-output>
        </test-method> <!-- afterMethod -->
        <test-method is-config="true" signature="beforeMethod()[pri:0, instance:com.MyAppApplicationTestscode@97e93f1]" started-at="2022-10-14T18:36:42 IST" name="beforeMethod" finished-at="2022-10-14T18:36:43 IST" duration-ms="1218" status="PASS">
          <reporter-output>
          </reporter-output>
        </test-method> <!-- beforeMethod -->
        <test-method signature="signin()[pri:2, instance:com.MyAppApplicationTestscode@97e93f1]" started-at="2022-10-14T18:36:43 IST" name="signin" finished-at="2022-10-14T18:36:45 IST" duration-ms="1695" status="PASS">
          <reporter-output>
          </reporter-output>
        </test-method> <!-- signin -->
        <test-method is-config="true" signature="afterMethod()[pri:0, instance:com.MyAppApplicationTestscode@97e93f1]" started-at="2022-10-14T18:36:45 IST" name="afterMethod" finished-at="2022-10-14T18:36:45 IST" duration-ms="0" status="PASS">
          <reporter-output>
          </reporter-output>
        </test-method> <!-- afterMethod -->
        <test-method is-config="true" signature="beforeMethod()[pri:0, instance:com.MyAppApplicationTestscode@97e93f1]" started-at="2022-10-14T18:36:45 IST" name="beforeMethod" finished-at="2022-10-14T18:36:46 IST" duration-ms="1146" status="PASS">
          <reporter-output>
          </reporter-output>
        </test-method> <!-- beforeMethod -->
        <test-method signature="adminhome()[pri:4, instance:com.MyAppApplicationTestscode@97e93f1]" started-at="2022-10-14T18:36:46 IST" name="adminhome" finished-at="2022-10-14T18:36:47 IST" duration-ms="1228" status="PASS">
          <reporter-output>
          </reporter-output>
        </test-method> <!-- adminhome -->
        <test-method is-config="true" signature="afterMethod()[pri:0, instance:com.MyAppApplicationTestscode@97e93f1]" started-at="2022-10-14T18:36:47 IST" name="afterMethod" finished-at="2022-10-14T18:36:47 IST" duration-ms="0" status="PASS">
          <reporter-output>
          </reporter-output>
        </test-method> <!-- afterMethod -->
        <test-method is-config="true" signature="beforeMethod()[pri:0, instance:com.MyAppApplicationTestscode@97e93f1]" started-at="2022-10-14T18:36:47 IST" name="beforeMethod" finished-at="2022-10-14T18:36:49 IST" duration-ms="1238" status="PASS">
          <reporter-output>
          </reporter-output>
        </test-method> <!-- beforeMethod -->
        <test-method signature="userhome()[pri:5, instance:com.MyAppApplicationTestscode@97e93f1]" started-at="2022-10-14T18:36:49 IST" name="userhome" finished-at="2022-10-14T18:36:50 IST" duration-ms="1234" status="PASS">
          <reporter-output>
          </reporter-output>
        </test-method> <!-- userhome -->
        <test-method is-config="true" signature="afterMethod()[pri:0, instance:com.MyAppApplicationTestscode@97e93f1]" started-at="2022-10-14T18:36:50 IST" name="afterMethod" finished-at="2022-10-14T18:36:50 IST" duration-ms="0" status="PASS">
          <reporter-output>
          </reporter-output>
        </test-method> <!-- afterMethod -->
        <test-method is-config="true" signature="beforeMethod()[pri:0, instance:com.MyAppApplicationTestscode@97e93f1]" started-at="2022-10-14T18:36:50 IST" name="beforeMethod" finished-at="2022-10-14T18:36:51 IST" duration-ms="1105" status="PASS">
          <reporter-output>
          </reporter-output>
        </test-method> <!-- beforeMethod -->
        <test-method signature="loadusers()[pri:6, instance:com.MyAppApplicationTestscode@97e93f1]" started-at="2022-10-14T18:36:51 IST" name="loadusers" finished-at="2022-10-14T18:36:52 IST" duration-ms="1212" status="PASS">
          <reporter-output>
          </reporter-output>
        </test-method> <!-- loadusers -->
        <test-method is-config="true" signature="beforeMethod()[pri:0, instance:com.MyAppApplicationTestscode@97e93f1]" started-at="2022-10-14T18:36:52 IST" name="beforeMethod" finished-at="2022-10-14T18:36:53 IST" duration-ms="1200" status="PASS">
          <reporter-output>
          </reporter-output>
        </test-method> <!-- beforeMethod -->
        <test-method is-config="true" signature="afterMethod()[pri:0, instance:com.MyAppApplicationTestscode@97e93f1]" started-at="2022-10-14T18:36:52 IST" name="afterMethod" finished-at="2022-10-14T18:36:52 IST" duration-ms="0" status="PASS">
          <reporter-output>
          </reporter-output>
        </test-method> <!-- afterMethod -->
        <test-method signature="approve()[pri:7, instance:com.MyAppApplicationTestscode@97e93f1]" started-at="2022-10-14T18:36:53 IST" name="approve" finished-at="2022-10-14T18:36:56 IST" duration-ms="2084" status="PASS">
          <reporter-output>
          </reporter-output>
        </test-method> <!-- approve -->
        <test-method is-config="true" signature="afterMethod()[pri:0, instance:com.MyAppApplicationTestscode@97e93f1]" started-at="2022-10-14T18:36:56 IST" name="afterMethod" finished-at="2022-10-14T18:36:56 IST" duration-ms="0" status="PASS">
          <reporter-output>
          </reporter-output>
        </test-method> <!-- afterMethod -->
      </class> <!-- com.MyAppApplicationTestscode -->
    </test> <!-- Default test -->
  </suite> <!-- Default suite -->
</testng-results>
