<?xml version="1.0" encoding="UTF-8"?>
<!-- Generated by org.testng.reporters.JUnitXMLReporter -->
<testsuite ignored="0" hostname="LAPTOP-DEVK9AU1" failures="0" tests="7" name="Default test" time="19.21" errors="0" timestamp="2022-10-14T18:36:56 IST">
  <testcase classname="com.MyAppApplicationTestscode" name="testing" time="1.536"/>
  <testcase classname="com.MyAppApplicationTestscode" name="signup" time="1.419"/>
  <testcase classname="com.MyAppApplicationTestscode" name="signin" time="1.695"/>
  <testcase classname="com.MyAppApplicationTestscode" name="adminhome" time="1.228"/>
  <testcase classname="com.MyAppApplicationTestscode" name="userhome" time="1.234"/>
  <testcase classname="com.MyAppApplicationTestscode" name="loadusers" time="1.212"/>
  <testcase classname="com.MyAppApplicationTestscode" name="approve" time="2.084"/>
</testsuite> <!-- Default test -->
